c:\users\edwin\documents\projects\ego-engine\ego-engine\debug\ego-engine.pch
c:\users\edwin\documents\projects\ego-engine\ego-engine\debug\vc120.pdb
c:\users\edwin\documents\projects\ego-engine\ego-engine\debug\vc120.idb
c:\users\edwin\documents\projects\ego-engine\ego-engine\debug\stdafx.obj
c:\users\edwin\documents\projects\ego-engine\ego-engine\debug\renderer.obj
c:\users\edwin\documents\projects\ego-engine\ego-engine\debug\model.obj
c:\users\edwin\documents\projects\ego-engine\ego-engine\debug\level.obj
c:\users\edwin\documents\projects\ego-engine\ego-engine\debug\main.obj
c:\users\edwin\documents\projects\ego-engine\ego-engine\debug\camera.obj
c:\users\edwin\documents\projects\ego-engine\ego-engine\debug\bitmap.obj
c:\users\edwin\documents\projects\ego-engine\ego-engine\debug\input.obj
c:\users\edwin\documents\projects\ego-engine\debug\ego-engine.ilk
c:\users\edwin\documents\projects\ego-engine\debug\ego-engine.exe
c:\users\edwin\documents\projects\ego-engine\debug\ego-engine.pdb
c:\users\edwin\documents\projects\ego-engine\ego-engine\debug\ego-engine.tlog\cl.command.1.tlog
c:\users\edwin\documents\projects\ego-engine\ego-engine\debug\ego-engine.tlog\cl.read.1.tlog
c:\users\edwin\documents\projects\ego-engine\ego-engine\debug\ego-engine.tlog\cl.write.1.tlog
c:\users\edwin\documents\projects\ego-engine\ego-engine\debug\ego-engine.tlog\link-cvtres.read.1.tlog
c:\users\edwin\documents\projects\ego-engine\ego-engine\debug\ego-engine.tlog\link-cvtres.write.1.tlog
c:\users\edwin\documents\projects\ego-engine\ego-engine\debug\ego-engine.tlog\link-rc.read.1.tlog
c:\users\edwin\documents\projects\ego-engine\ego-engine\debug\ego-engine.tlog\link-rc.write.1.tlog
c:\users\edwin\documents\projects\ego-engine\ego-engine\debug\ego-engine.tlog\link.5580-cvtres.read.1.tlog
c:\users\edwin\documents\projects\ego-engine\ego-engine\debug\ego-engine.tlog\link.5580-cvtres.write.1.tlog
c:\users\edwin\documents\projects\ego-engine\ego-engine\debug\ego-engine.tlog\link.5580-rc.read.1.tlog
c:\users\edwin\documents\projects\ego-engine\ego-engine\debug\ego-engine.tlog\link.5580-rc.write.1.tlog
c:\users\edwin\documents\projects\ego-engine\ego-engine\debug\ego-engine.tlog\link.5580.read.1.tlog
c:\users\edwin\documents\projects\ego-engine\ego-engine\debug\ego-engine.tlog\link.5580.write.1.tlog
c:\users\edwin\documents\projects\ego-engine\ego-engine\debug\ego-engine.tlog\link.command.1.tlog
c:\users\edwin\documents\projects\ego-engine\ego-engine\debug\ego-engine.tlog\link.read.1.tlog
c:\users\edwin\documents\projects\ego-engine\ego-engine\debug\ego-engine.tlog\link.write.1.tlog
