c:\users\edwin\documents\projects\ego-engine\ego-engine\debug\vc120.pdb
c:\users\edwin\documents\projects\ego-engine\debug\nego-engine.ilk
c:\users\edwin\documents\projects\ego-engine\debug\nego-engine.exe
c:\users\edwin\documents\projects\ego-engine\debug\nego-engine.pdb
c:\users\edwin\documents\projects\ego-engine\nego-engine\debug\bitmap.obj
c:\users\edwin\documents\projects\ego-engine\nego-engine\debug\block.obj
c:\users\edwin\documents\projects\ego-engine\nego-engine\debug\camera.obj
c:\users\edwin\documents\projects\ego-engine\nego-engine\debug\input.obj
c:\users\edwin\documents\projects\ego-engine\nego-engine\debug\level.obj
c:\users\edwin\documents\projects\ego-engine\nego-engine\debug\main.obj
c:\users\edwin\documents\projects\ego-engine\nego-engine\debug\model.obj
c:\users\edwin\documents\projects\ego-engine\nego-engine\debug\renderer.obj
c:\users\edwin\documents\projects\ego-engine\nego-engine\debug\ego-engine.pch
c:\users\edwin\documents\projects\ego-engine\nego-engine\debug\vc120.idb
c:\users\edwin\documents\projects\ego-engine\nego-engine\debug\vc120.pdb
c:\users\edwin\documents\projects\ego-engine\nego-engine\debug\nego-engine.tlog\cl.command.1.tlog
c:\users\edwin\documents\projects\ego-engine\nego-engine\debug\nego-engine.tlog\cl.write.1.tlog
c:\users\edwin\documents\projects\ego-engine\nego-engine\debug\nego-engine.tlog\link.command.1.tlog
c:\users\edwin\documents\projects\ego-engine\nego-engine\debug\nego-engine.tlog\link.read.1.tlog
c:\users\edwin\documents\projects\ego-engine\nego-engine\debug\nego-engine.tlog\link.write.1.tlog
